  SDL2_framerate.c
  SDL2_gfxPrimitives.c
C:\Users\golde\Nextcloud\Programmation\CC++\Library\SDL\SDL2_gfx-1.0.4\SDL2_gfxPrimitives.c(1765,14): warning C4028: paramètre formel 1 différent de la déclaration
C:\Users\golde\Nextcloud\Programmation\CC++\Library\SDL\SDL2_gfx-1.0.4\SDL2_gfxPrimitives.c(1875,29): warning C4244: 'fonction' : conversion de 'double' en 'float', perte possible de données
C:\Users\golde\Nextcloud\Programmation\CC++\Library\SDL\SDL2_gfx-1.0.4\SDL2_gfxPrimitives.c(1876,38): warning C4244: 'fonction' : conversion de 'double' en 'float', perte possible de données
C:\Users\golde\Nextcloud\Programmation\CC++\Library\SDL\SDL2_gfx-1.0.4\SDL2_gfxPrimitives.c(1952,39): warning C4244: 'fonction' : conversion de 'double' en 'float', perte possible de données
C:\Users\golde\Nextcloud\Programmation\CC++\Library\SDL\SDL2_gfx-1.0.4\SDL2_gfxPrimitives.c(3704,43): warning C4244: 'fonction' : conversion de 'double' en 'float', perte possible de données
C:\Users\golde\Nextcloud\Programmation\CC++\Library\SDL\SDL2_gfx-1.0.4\SDL2_gfxPrimitives.c(3705,43): warning C4244: 'fonction' : conversion de 'double' en 'float', perte possible de données
  SDL2_rotozoom.c
  SDL2_imageFilter.c
C:\Users\golde\Nextcloud\Programmation\CC++\Library\SDL\SDL2_gfx-1.0.4\SDL2_imageFilter.c(122,2): error C4235: extension non standard utilisée : mot clé '__asm' non pris en charge dans cette architecture
C:\Users\golde\Nextcloud\Programmation\CC++\Library\SDL\SDL2_gfx-1.0.4\SDL2_imageFilter.c(125,4): error C2065: 'pusha' : identificateur non déclaré
C:\Users\golde\Nextcloud\Programmation\CC++\Library\SDL\SDL2_gfx-1.0.4\SDL2_imageFilter.c(125,4): error C2146: erreur de syntaxe : absence de ';' avant l'identificateur 'mov'
C:\Users\golde\Nextcloud\Programmation\CC++\Library\SDL\SDL2_gfx-1.0.4\SDL2_imageFilter.c(125,8): error C2065: 'mov' : identificateur non déclaré
C:\Users\golde\Nextcloud\Programmation\CC++\Library\SDL\SDL2_gfx-1.0.4\SDL2_imageFilter.c(125,8): error C2146: erreur de syntaxe : absence de ';' avant l'identificateur 'eax'
C:\Users\golde\Nextcloud\Programmation\CC++\Library\SDL\SDL2_gfx-1.0.4\SDL2_imageFilter.c(125,11): error C2065: 'eax' : identificateur non déclaré
C:\Users\golde\Nextcloud\Programmation\CC++\Library\SDL\SDL2_gfx-1.0.4\SDL2_imageFilter.c(126,4): error C2146: erreur de syntaxe : absence de ';' avant l'identificateur 'mov'
C:\Users\golde\Nextcloud\Programmation\CC++\Library\SDL\SDL2_gfx-1.0.4\SDL2_imageFilter.c(126,8): error C2065: 'mov' : identificateur non déclaré
C:\Users\golde\Nextcloud\Programmation\CC++\Library\SDL\SDL2_gfx-1.0.4\SDL2_imageFilter.c(126,8): error C2146: erreur de syntaxe : absence de ';' avant l'identificateur 'ebx'
C:\Users\golde\Nextcloud\Programmation\CC++\Library\SDL\SDL2_gfx-1.0.4\SDL2_imageFilter.c(126,11): error C2065: 'ebx' : identificateur non déclaré
C:\Users\golde\Nextcloud\Programmation\CC++\Library\SDL\SDL2_gfx-1.0.4\SDL2_imageFilter.c(127,4): error C2146: erreur de syntaxe : absence de ';' avant l'identificateur 'mov'
C:\Users\golde\Nextcloud\Programmation\CC++\Library\SDL\SDL2_gfx-1.0.4\SDL2_imageFilter.c(127,8): error C2065: 'mov' : identificateur non déclaré
C:\Users\golde\Nextcloud\Programmation\CC++\Library\SDL\SDL2_gfx-1.0.4\SDL2_imageFilter.c(127,8): error C2146: erreur de syntaxe : absence de ';' avant l'identificateur 'edi'
C:\Users\golde\Nextcloud\Programmation\CC++\Library\SDL\SDL2_gfx-1.0.4\SDL2_imageFilter.c(127,11): error C2065: 'edi' : identificateur non déclaré
C:\Users\golde\Nextcloud\Programmation\CC++\Library\SDL\SDL2_gfx-1.0.4\SDL2_imageFilter.c(128,4): error C2146: erreur de syntaxe : absence de ';' avant l'identificateur 'mov'
C:\Users\golde\Nextcloud\Programmation\CC++\Library\SDL\SDL2_gfx-1.0.4\SDL2_imageFilter.c(128,8): error C2065: 'mov' : identificateur non déclaré
C:\Users\golde\Nextcloud\Programmation\CC++\Library\SDL\SDL2_gfx-1.0.4\SDL2_imageFilter.c(128,8): error C2146: erreur de syntaxe : absence de ';' avant l'identificateur 'ecx'
C:\Users\golde\Nextcloud\Programmation\CC++\Library\SDL\SDL2_gfx-1.0.4\SDL2_imageFilter.c(128,11): error C2065: 'ecx' : identificateur non déclaré
C:\Users\golde\Nextcloud\Programmation\CC++\Library\SDL\SDL2_gfx-1.0.4\SDL2_imageFilter.c(129,4): error C2146: erreur de syntaxe : absence de ';' avant l'identificateur 'shr'
C:\Users\golde\Nextcloud\Programmation\CC++\Library\SDL\SDL2_gfx-1.0.4\SDL2_imageFilter.c(129,8): error C2065: 'shr' : identificateur non déclaré
C:\Users\golde\Nextcloud\Programmation\CC++\Library\SDL\SDL2_gfx-1.0.4\SDL2_imageFilter.c(129,8): error C2146: erreur de syntaxe : absence de ';' avant l'identificateur 'ecx'
C:\Users\golde\Nextcloud\Programmation\CC++\Library\SDL\SDL2_gfx-1.0.4\SDL2_imageFilter.c(129,11): error C2065: 'ecx' : identificateur non déclaré
C:\Users\golde\Nextcloud\Programmation\CC++\Library\SDL\SDL2_gfx-1.0.4\SDL2_imageFilter.c(130,4): error C2146: erreur de syntaxe : absence de ';' avant l'identificateur 'align'
C:\Users\golde\Nextcloud\Programmation\CC++\Library\SDL\SDL2_gfx-1.0.4\SDL2_imageFilter.c(130,10): error C2065: 'align' : identificateur non déclaré
C:\Users\golde\Nextcloud\Programmation\CC++\Library\SDL\SDL2_gfx-1.0.4\SDL2_imageFilter.c(130,10): error C2143: erreur de syntaxe : absence de ';' avant 'constante'
C:\Users\golde\Nextcloud\Programmation\CC++\Library\SDL\SDL2_gfx-1.0.4\SDL2_imageFilter.c(131,1): error C2146: erreur de syntaxe : absence de ';' avant l'identificateur 'L1010'
C:\Users\golde\Nextcloud\Programmation\CC++\Library\SDL\SDL2_gfx-1.0.4\SDL2_imageFilter.c(132,8): error C2065: 'movq' : identificateur non déclaré
C:\Users\golde\Nextcloud\Programmation\CC++\Library\SDL\SDL2_gfx-1.0.4\SDL2_imageFilter.c(132,8): error C2146: erreur de syntaxe : absence de ';' avant l'identificateur 'mm1'
C:\Users\golde\Nextcloud\Programmation\CC++\Library\SDL\SDL2_gfx-1.0.4\SDL2_imageFilter.c(132,11): error C2065: 'mm1' : identificateur non déclaré
C:\Users\golde\Nextcloud\Programmation\CC++\Library\SDL\SDL2_gfx-1.0.4\SDL2_imageFilter.c(132,13): error C2059: erreur de syntaxe : '['
C:\Users\golde\Nextcloud\Programmation\CC++\Library\SDL\SDL2_gfx-1.0.4\SDL2_imageFilter.c(174,1): error C2143: erreur de syntaxe : absence de ';' avant '{'
C:\Users\golde\Nextcloud\Programmation\CC++\Library\SDL\SDL2_gfx-1.0.4\SDL2_imageFilter.c(182,13): error C2065: 'length' : identificateur non déclaré
C:\Users\golde\Nextcloud\Programmation\CC++\Library\SDL\SDL2_gfx-1.0.4\SDL2_imageFilter.c(185,46): error C2065: 'length' : identificateur non déclaré
C:\Users\golde\Nextcloud\Programmation\CC++\Library\SDL\SDL2_gfx-1.0.4\SDL2_imageFilter.c(188,49): error C2065: 'length' : identificateur non déclaré
C:\Users\golde\Nextcloud\Programmation\CC++\Library\SDL\SDL2_gfx-1.0.4\SDL2_imageFilter.c(191,15): error C2065: 'length' : identificateur non déclaré
C:\Users\golde\Nextcloud\Programmation\CC++\Library\SDL\SDL2_gfx-1.0.4\SDL2_imageFilter.c(193,20): error C2065: 'length' : identificateur non déclaré
C:\Users\golde\Nextcloud\Programmation\CC++\Library\SDL\SDL2_gfx-1.0.4\SDL2_imageFilter.c(210,29): error C2065: 'length' : identificateur non déclaré
C:\Users\golde\Nextcloud\Programmation\CC++\Library\SDL\SDL2_gfx-1.0.4\SDL2_imageFilter.c(210,21): warning C4018: '<' : incompatibilité signed/unsigned
C:\Users\golde\Nextcloud\Programmation\CC++\Library\SDL\SDL2_gfx-1.0.4\SDL2_imageFilter.c(237,1): error C2143: erreur de syntaxe : absence de ';' avant '{'
C:\Users\golde\Nextcloud\Programmation\CC++\Library\SDL\SDL2_gfx-1.0.4\SDL2_imageFilter.c(240,2): error C4235: extension non standard utilisée : mot clé '__asm' non pris en charge dans cette architecture
C:\Users\golde\Nextcloud\Programmation\CC++\Library\SDL\SDL2_gfx-1.0.4\SDL2_imageFilter.c(243,4): error C2065: 'pusha' : identificateur non déclaré
C:\Users\golde\Nextcloud\Programmation\CC++\Library\SDL\SDL2_gfx-1.0.4\SDL2_imageFilter.c(243,4): error C2146: erreur de syntaxe : absence de ';' avant l'identificateur 'mov'
C:\Users\golde\Nextcloud\Programmation\CC++\Library\SDL\SDL2_gfx-1.0.4\SDL2_imageFilter.c(243,8): error C2065: 'mov' : identificateur non déclaré
C:\Users\golde\Nextcloud\Programmation\CC++\Library\SDL\SDL2_gfx-1.0.4\SDL2_imageFilter.c(243,8): error C2146: erreur de syntaxe : absence de ';' avant l'identificateur 'edx'
C:\Users\golde\Nextcloud\Programmation\CC++\Library\SDL\SDL2_gfx-1.0.4\SDL2_imageFilter.c(243,11): error C2065: 'edx' : identificateur non déclaré
C:\Users\golde\Nextcloud\Programmation\CC++\Library\SDL\SDL2_gfx-1.0.4\SDL2_imageFilter.c(244,4): error C2065: 'Mask' : identificateur non déclaré
C:\Users\golde\Nextcloud\Programmation\CC++\Library\SDL\SDL2_gfx-1.0.4\SDL2_imageFilter.c(244,4): error C2146: erreur de syntaxe : absence de ';' avant l'identificateur 'movq'
C:\Users\golde\Nextcloud\Programmation\CC++\Library\SDL\SDL2_gfx-1.0.4\SDL2_imageFilter.c(244,9): error C2065: 'movq' : identificateur non déclaré
C:\Users\golde\Nextcloud\Programmation\CC++\Library\SDL\SDL2_gfx-1.0.4\SDL2_imageFilter.c(244,9): error C2146: erreur de syntaxe : absence de ';' avant l'identificateur 'mm0'
C:\Users\golde\Nextcloud\Programmation\CC++\Library\SDL\SDL2_gfx-1.0.4\SDL2_imageFilter.c(244,12): error C2065: 'mm0' : identificateur non déclaré
C:\Users\golde\Nextcloud\Programmation\CC++\Library\SDL\SDL2_gfx-1.0.4\SDL2_imageFilter.c(244,14): error C2059: erreur de syntaxe : '['
C:\Users\golde\Nextcloud\Programmation\CC++\Library\SDL\SDL2_gfx-1.0.4\SDL2_imageFilter.c(309,1): error C2143: erreur de syntaxe : absence de ';' avant '{'
C:\Users\golde\Nextcloud\Programmation\CC++\Library\SDL\SDL2_gfx-1.0.4\SDL2_imageFilter.c(318,13): error C2065: 'length' : identificateur non déclaré
C:\Users\golde\Nextcloud\Programmation\CC++\Library\SDL\SDL2_gfx-1.0.4\SDL2_imageFilter.c(321,46): error C2065: 'length' : identificateur non déclaré
C:\Users\golde\Nextcloud\Programmation\CC++\Library\SDL\SDL2_gfx-1.0.4\SDL2_imageFilter.c(323,50): error C2065: 'length' : identificateur non déclaré
C:\Users\golde\Nextcloud\Programmation\CC++\Library\SDL\SDL2_gfx-1.0.4\SDL2_imageFilter.c(326,15): error C2065: 'length' : identificateur non déclaré
C:\Users\golde\Nextcloud\Programmation\CC++\Library\SDL\SDL2_gfx-1.0.4\SDL2_imageFilter.c(328,20): error C2065: 'length' : identificateur non déclaré
C:\Users\golde\Nextcloud\Programmation\CC++\Library\SDL\SDL2_gfx-1.0.4\SDL2_imageFilter.c(345,29): error C2065: 'length' : identificateur non déclaré
C:\Users\golde\Nextcloud\Programmation\CC++\Library\SDL\SDL2_gfx-1.0.4\SDL2_imageFilter.c(345,21): warning C4018: '<' : incompatibilité signed/unsigned
C:\Users\golde\Nextcloud\Programmation\CC++\Library\SDL\SDL2_gfx-1.0.4\SDL2_imageFilter.c(368,1): error C2143: erreur de syntaxe : absence de ';' avant '{'
C:\Users\golde\Nextcloud\Programmation\CC++\Library\SDL\SDL2_gfx-1.0.4\SDL2_imageFilter.c(371,2): error C4235: extension non standard utilisée : mot clé '__asm' non pris en charge dans cette architecture
C:\Users\golde\Nextcloud\Programmation\CC++\Library\SDL\SDL2_gfx-1.0.4\SDL2_imageFilter.c(374,4): error C2065: 'pusha' : identificateur non déclaré
C:\Users\golde\Nextcloud\Programmation\CC++\Library\SDL\SDL2_gfx-1.0.4\SDL2_imageFilter.c(374,4): error C2146: erreur de syntaxe : absence de ';' avant l'identificateur 'mov'
C:\Users\golde\Nextcloud\Programmation\CC++\Library\SDL\SDL2_gfx-1.0.4\SDL2_imageFilter.c(374,8): error C2065: 'mov' : identificateur non déclaré
C:\Users\golde\Nextcloud\Programmation\CC++\Library\SDL\SDL2_gfx-1.0.4\SDL2_imageFilter.c(374,8): error C2146: erreur de syntaxe : absence de ';' avant l'identificateur 'eax'
C:\Users\golde\Nextcloud\Programmation\CC++\Library\SDL\SDL2_gfx-1.0.4\SDL2_imageFilter.c(374,11): error C2065: 'eax' : identificateur non déclaré
C:\Users\golde\Nextcloud\Programmation\CC++\Library\SDL\SDL2_gfx-1.0.4\SDL2_imageFilter.c(375,4): error C2146: erreur de syntaxe : absence de ';' avant l'identificateur 'mov'
C:\Users\golde\Nextcloud\Programmation\CC++\Library\SDL\SDL2_gfx-1.0.4\SDL2_imageFilter.c(375,8): error C2065: 'mov' : identificateur non déclaré
C:\Users\golde\Nextcloud\Programmation\CC++\Library\SDL\SDL2_gfx-1.0.4\SDL2_imageFilter.c(375,8): error C2146: erreur de syntaxe : absence de ';' avant l'identificateur 'ebx'
C:\Users\golde\Nextcloud\Programmation\CC++\Library\SDL\SDL2_gfx-1.0.4\SDL2_imageFilter.c(375,11): error C2065: 'ebx' : identificateur non déclaré
C:\Users\golde\Nextcloud\Programmation\CC++\Library\SDL\SDL2_gfx-1.0.4\SDL2_imageFilter.c(376,4): error C2146: erreur de syntaxe : absence de ';' avant l'identificateur 'mov'
C:\Users\golde\Nextcloud\Programmation\CC++\Library\SDL\SDL2_gfx-1.0.4\SDL2_imageFilter.c(376,8): error C2065: 'mov' : identificateur non déclaré
C:\Users\golde\Nextcloud\Programmation\CC++\Library\SDL\SDL2_gfx-1.0.4\SDL2_imageFilter.c(376,8): error C2146: erreur de syntaxe : absence de ';' avant l'identificateur 'edi'
C:\Users\golde\Nextcloud\Programmation\CC++\Library\SDL\SDL2_gfx-1.0.4\SDL2_imageFilter.c(376,11): error C2065: 'edi' : identificateur non déclaré
C:\Users\golde\Nextcloud\Programmation\CC++\Library\SDL\SDL2_gfx-1.0.4\SDL2_imageFilter.c(377,4): error C2146: erreur de syntaxe : absence de ';' avant l'identificateur 'mov'
C:\Users\golde\Nextcloud\Programmation\CC++\Library\SDL\SDL2_gfx-1.0.4\SDL2_imageFilter.c(377,8): error C2065: 'mov' : identificateur non déclaré
C:\Users\golde\Nextcloud\Programmation\CC++\Library\SDL\SDL2_gfx-1.0.4\SDL2_imageFilter.c(377,8): error C2146: erreur de syntaxe : absence de ';' avant l'identificateur 'ecx'
C:\Users\golde\Nextcloud\Programmation\CC++\Library\SDL\SDL2_gfx-1.0.4\SDL2_imageFilter.c(377,11): error C2065: 'ecx' : identificateur non déclaré
C:\Users\golde\Nextcloud\Programmation\CC++\Library\SDL\SDL2_gfx-1.0.4\SDL2_imageFilter.c(378,4): error C2146: erreur de syntaxe : absence de ';' avant l'identificateur 'shr'
C:\Users\golde\Nextcloud\Programmation\CC++\Library\SDL\SDL2_gfx-1.0.4\SDL2_imageFilter.c(378,8): error C2065: 'shr' : identificateur non déclaré
C:\Users\golde\Nextcloud\Programmation\CC++\Library\SDL\SDL2_gfx-1.0.4\SDL2_imageFilter.c(378,8): error C2146: erreur de syntaxe : absence de ';' avant l'identificateur 'ecx'
C:\Users\golde\Nextcloud\Programmation\CC++\Library\SDL\SDL2_gfx-1.0.4\SDL2_imageFilter.c(378,11): error C2065: 'ecx' : identificateur non déclaré
C:\Users\golde\Nextcloud\Programmation\CC++\Library\SDL\SDL2_gfx-1.0.4\SDL2_imageFilter.c(379,4): error C2146: erreur de syntaxe : absence de ';' avant l'identificateur 'align'
C:\Users\golde\Nextcloud\Programmation\CC++\Library\SDL\SDL2_gfx-1.0.4\SDL2_imageFilter.c(379,10): error C2065: 'align' : identificateur non déclaré
C:\Users\golde\Nextcloud\Programmation\CC++\Library\SDL\SDL2_gfx-1.0.4\SDL2_imageFilter.c(379,10): error C2143: erreur de syntaxe : absence de ';' avant 'constante'
C:\Users\golde\Nextcloud\Programmation\CC++\Library\SDL\SDL2_gfx-1.0.4\SDL2_imageFilter.c(380,1): error C2146: erreur de syntaxe : absence de ';' avant l'identificateur 'L1012'
C:\Users\golde\Nextcloud\Programmation\CC++\Library\SDL\SDL2_gfx-1.0.4\SDL2_imageFilter.c(381,8): error C2065: 'movq' : identificateur non déclaré
C:\Users\golde\Nextcloud\Programmation\CC++\Library\SDL\SDL2_gfx-1.0.4\SDL2_imageFilter.c(381,8): error C2146: erreur de syntaxe : absence de ';' avant l'identificateur 'mm1'
C:\Users\golde\Nextcloud\Programmation\CC++\Library\SDL\SDL2_gfx-1.0.4\SDL2_imageFilter.c(381,11): error C2065: 'mm1' : identificateur non déclaré
C:\Users\golde\Nextcloud\Programmation\CC++\Library\SDL\SDL2_gfx-1.0.4\SDL2_imageFilter.c(381,14): error C2059: erreur de syntaxe : '['
C:\Users\golde\Nextcloud\Programmation\CC++\Library\SDL\SDL2_gfx-1.0.4\SDL2_imageFilter.c(423,1): error C2143: erreur de syntaxe : absence de ';' avant '{'
C:\Users\golde\Nextcloud\Programmation\CC++\Library\SDL\SDL2_gfx-1.0.4\SDL2_imageFilter.c(431,13): error C2065: 'length' : identificateur non déclaré
C:\Users\golde\Nextcloud\Programmation\CC++\Library\SDL\SDL2_gfx-1.0.4\SDL2_imageFilter.c(434,46): error C2065: 'length' : identificateur non déclaré
C:\Users\golde\Nextcloud\Programmation\CC++\Library\SDL\SDL2_gfx-1.0.4\SDL2_imageFilter.c(436,49): error C2065: 'length' : identificateur non déclaré
C:\Users\golde\Nextcloud\Programmation\CC++\Library\SDL\SDL2_gfx-1.0.4\SDL2_imageFilter.c(439,15): error C2065: 'length' : identificateur non déclaré
C:\Users\golde\Nextcloud\Programmation\CC++\Library\SDL\SDL2_gfx-1.0.4\SDL2_imageFilter.c(441,20): error C2065: 'length' : identificateur non déclaré
C:\Users\golde\Nextcloud\Programmation\CC++\Library\SDL\SDL2_gfx-1.0.4\SDL2_imageFilter.c(458,29): error C2065: 'length' : identificateur non déclaré
C:\Users\golde\Nextcloud\Programmation\CC++\Library\SDL\SDL2_gfx-1.0.4\SDL2_imageFilter.c(458,21): warning C4018: '<' : incompatibilité signed/unsigned
C:\Users\golde\Nextcloud\Programmation\CC++\Library\SDL\SDL2_gfx-1.0.4\SDL2_imageFilter.c(483,1): error C2143: erreur de syntaxe : absence de ';' avant '{'
C:\Users\golde\Nextcloud\Programmation\CC++\Library\SDL\SDL2_gfx-1.0.4\SDL2_imageFilter.c(486,2): error C4235: extension non standard utilisée : mot clé '__asm' non pris en charge dans cette architecture
C:\Users\golde\Nextcloud\Programmation\CC++\Library\SDL\SDL2_gfx-1.0.4\SDL2_imageFilter.c(489,4): error C2065: 'pusha' : identificateur non déclaré
C:\Users\golde\Nextcloud\Programmation\CC++\Library\SDL\SDL2_gfx-1.0.4\SDL2_imageFilter.c(489,4): error C2146: erreur de syntaxe : absence de ';' avant l'identificateur 'mov'
C:\Users\golde\Nextcloud\Programmation\CC++\Library\SDL\SDL2_gfx-1.0.4\SDL2_imageFilter.c(489,8): error C2065: 'mov' : identificateur non déclaré
C:\Users\golde\Nextcloud\Programmation\CC++\Library\SDL\SDL2_gfx-1.0.4\SDL2_imageFilter.c(489,8): error C2146: erreur de syntaxe : absence de ';' avant l'identificateur 'eax'
C:\Users\golde\Nextcloud\Programmation\CC++\Library\SDL\SDL2_gfx-1.0.4\SDL2_imageFilter.c(489,11): error C2065: 'eax' : identificateur non déclaré
C:\Users\golde\Nextcloud\Programmation\CC++\Library\SDL\SDL2_gfx-1.0.4\SDL2_imageFilter.c(490,4): error C2146: erreur de syntaxe : absence de ';' avant l'identificateur 'mov'
C:\Users\golde\Nextcloud\Programmation\CC++\Library\SDL\SDL2_gfx-1.0.4\SDL2_imageFilter.c(490,8): error C2065: 'mov' : identificateur non déclaré
C:\Users\golde\Nextcloud\Programmation\CC++\Library\SDL\SDL2_gfx-1.0.4\SDL2_imageFilter.c(490,8): error C2146: erreur de syntaxe : absence de ';' avant l'identificateur 'ebx'
C:\Users\golde\Nextcloud\Programmation\CC++\Library\SDL\SDL2_gfx-1.0.4\SDL2_imageFilter.c(490,8): fatal error C1003: le nombre d'erreurs est supérieur à 100 ; arrêt de la compilation
  Génération de code en cours...
