c:\users\golde\nextcloud\programmation\cc++\3d render\3d render\x64\debug\vc143.pdb
c:\users\golde\nextcloud\programmation\cc++\3d render\3d render\x64\debug\vc143.idb
c:\users\golde\nextcloud\programmation\cc++\3d render\3d render\x64\debug\main.obj
c:\users\golde\nextcloud\programmation\cc++\3d render\3d render\x64\debug\imgui_impl_sdl2.obj
c:\users\golde\nextcloud\programmation\cc++\3d render\3d render\x64\debug\imgui_impl_dx11.obj
c:\users\golde\nextcloud\programmation\cc++\3d render\3d render\x64\debug\vertice.obj
c:\users\golde\nextcloud\programmation\cc++\3d render\3d render\x64\debug\object.obj
c:\users\golde\nextcloud\programmation\cc++\3d render\3d render\x64\debug\camera.obj
c:\users\golde\nextcloud\programmation\cc++\3d render\x64\debug\3d render.exe
c:\users\golde\nextcloud\programmation\cc++\3d render\x64\debug\3d render.pdb
c:\users\golde\nextcloud\programmation\cc++\3d render\3d render\x64\debug\3d render.ilk
c:\users\golde\nextcloud\programmation\cc++\3d render\3d render\x64\debug\imgui.obj
c:\users\golde\nextcloud\programmation\cc++\3d render\3d render\x64\debug\imgui_demo.obj
c:\users\golde\nextcloud\programmation\cc++\3d render\3d render\x64\debug\imgui_draw.obj
c:\users\golde\nextcloud\programmation\cc++\3d render\3d render\x64\debug\imgui_tables.obj
c:\users\golde\nextcloud\programmation\cc++\3d render\3d render\x64\debug\imgui_widgets.obj
c:\users\golde\nextcloud\programmation\cc++\3d render\3d render\x64\debug\main (conflicted copy 2024-05-06 134247).obj
c:\users\golde\nextcloud\programmation\cc++\3d render\3d render\x64\debug\main.obj.enc
c:\users\golde\nextcloud\programmation\cc++\3d render\x64\debug\3d render.ilk
c:\users\golde\nextcloud\programmation\cc++\3d render\3d render\x64\debug\3d render.tlog\cl.command.1.tlog
c:\users\golde\nextcloud\programmation\cc++\3d render\3d render\x64\debug\3d render.tlog\cl.items.tlog
c:\users\golde\nextcloud\programmation\cc++\3d render\3d render\x64\debug\3d render.tlog\cl.read.1.tlog
c:\users\golde\nextcloud\programmation\cc++\3d render\3d render\x64\debug\3d render.tlog\cl.write.1.tlog
c:\users\golde\nextcloud\programmation\cc++\3d render\3d render\x64\debug\3d render.tlog\link.command.1.tlog
c:\users\golde\nextcloud\programmation\cc++\3d render\3d render\x64\debug\3d render.tlog\link.read.1.tlog
c:\users\golde\nextcloud\programmation\cc++\3d render\3d render\x64\debug\3d render.tlog\link.secondary.1.tlog
c:\users\golde\nextcloud\programmation\cc++\3d render\3d render\x64\debug\3d render.tlog\link.write.1.tlog
