  camera.cpp
C:\Users\Bastien\Documents\Programmation\CC++\3D Render\camera.cpp(98,98): warning C4244: 'argument' : conversion de 'float' en 'Uint8', perte possible de données
C:\Users\Bastien\Documents\Programmation\CC++\3D Render\camera.cpp(124,46): warning C4244: 'argument' : conversion de 'double' en 'float', perte possible de données
  imgui.cpp
  imgui_demo.cpp
  imgui_draw.cpp
  imgui_impl_dx11.cpp
  imgui_impl_sdl2.cpp
  imgui_tables.cpp
  imgui_widgets.cpp
  main.cpp
C:\Users\Bastien\Documents\Programmation\CC++\3D Render\main.cpp(171,33): warning C4244: '=' : conversion de 'float' en 'Uint8', perte possible de données
C:\Users\Bastien\Documents\Programmation\CC++\3D Render\main.cpp(172,33): warning C4244: '=' : conversion de 'float' en 'Uint8', perte possible de données
C:\Users\Bastien\Documents\Programmation\CC++\3D Render\main.cpp(173,33): warning C4244: '=' : conversion de 'float' en 'Uint8', perte possible de données
C:\Users\Bastien\Documents\Programmation\CC++\3D Render\main.cpp(178,33): warning C4244: '=' : conversion de 'float' en 'Uint8', perte possible de données
C:\Users\Bastien\Documents\Programmation\CC++\3D Render\main.cpp(179,33): warning C4244: '=' : conversion de 'float' en 'Uint8', perte possible de données
C:\Users\Bastien\Documents\Programmation\CC++\3D Render\main.cpp(180,33): warning C4244: '=' : conversion de 'float' en 'Uint8', perte possible de données
C:\Users\Bastien\Documents\Programmation\CC++\3D Render\main.cpp(185,33): warning C4244: '=' : conversion de 'float' en 'Uint8', perte possible de données
C:\Users\Bastien\Documents\Programmation\CC++\3D Render\main.cpp(186,33): warning C4244: '=' : conversion de 'float' en 'Uint8', perte possible de données
C:\Users\Bastien\Documents\Programmation\CC++\3D Render\main.cpp(187,33): warning C4244: '=' : conversion de 'float' en 'Uint8', perte possible de données
C:\Users\Bastien\Documents\Programmation\CC++\3D Render\main.cpp(192,33): warning C4244: '=' : conversion de 'float' en 'Uint8', perte possible de données
C:\Users\Bastien\Documents\Programmation\CC++\3D Render\main.cpp(193,33): warning C4244: '=' : conversion de 'float' en 'Uint8', perte possible de données
C:\Users\Bastien\Documents\Programmation\CC++\3D Render\main.cpp(194,33): warning C4244: '=' : conversion de 'float' en 'Uint8', perte possible de données
C:\Users\Bastien\Documents\Programmation\CC++\3D Render\main.cpp(202,49): warning C4244: '=' : conversion de 'float' en 'Uint8', perte possible de données
C:\Users\Bastien\Documents\Programmation\CC++\3D Render\main.cpp(207,49): warning C4244: '=' : conversion de 'float' en 'Uint8', perte possible de données
C:\Users\Bastien\Documents\Programmation\CC++\3D Render\main.cpp(339,29): warning C4244: 'initialisation' : conversion de 'unsigned __int64' en 'unsigned int', perte possible de données
C:\Users\Bastien\Documents\Programmation\CC++\3D Render\main.cpp(363,18): warning C4244: 'initialisation' : conversion de 'double' en 'float', perte possible de données
C:\Users\Bastien\Documents\Programmation\CC++\3D Render\main.cpp(389,117): warning C4244: 'argument' : conversion de 'float' en 'Uint8', perte possible de données
C:\Users\Bastien\Documents\Programmation\CC++\3D Render\main.cpp(389,88): warning C4244: 'argument' : conversion de 'float' en 'Uint8', perte possible de données
C:\Users\Bastien\Documents\Programmation\CC++\3D Render\main.cpp(389,59): warning C4244: 'argument' : conversion de 'float' en 'Uint8', perte possible de données
  material.cpp
  object.cpp
  vertice.cpp
  Génération de code en cours...
  3D Render.vcxproj -> C:\Users\Bastien\Documents\Programmation\CC++\3D Render\x64\Debug\3D Render.exe
